#
# There is insufficient memory for the Java Runtime Environment to continue.
# Native memory allocation (mmap) failed to map 130023424 bytes for G1 virtual space
# Possible reasons:
#   The system is out of physical RAM or swap space
#   The process is running with CompressedOops enabled, and the Java Heap may be blocking the growth of the native heap
# Possible solutions:
#   Reduce memory load on the system
#   Increase physical memory or swap space
#   Check if swap backing store is full
#   Decrease Java heap size (-Xmx/-Xms)
#   Decrease number of Java threads
#   Decrease Java thread stack sizes (-Xss)
#   Set larger code cache with -XX:ReservedCodeCacheSize=
#   JVM is running with Unscaled Compressed Oops mode in which the Java heap is
#     placed in the first 4GB address space. The Java Heap base address is the
#     maximum limit for the native heap growth. Please use -XX:HeapBaseMinAddress
#     to set the Java Heap base and to place the Java Heap above 4GB virtual address.
# This output file may be truncated or incomplete.
#
#  Out of Memory Error (os_windows.cpp:3613), pid=24252, tid=3980
#
# JRE version:  (17.0.9+9) (build )
# Java VM: OpenJDK 64-Bit Server VM (17.0.9+9, mixed mode, sharing, tiered, compressed oops, compressed class ptrs, g1 gc, windows-amd64)
# No core dump will be written. Minidumps are not enabled by default on client versions of Windows
#

---------------  S U M M A R Y ------------

Command Line: -Dfile.encoding=windows-1252 -Dstdout.encoding=windows-1252 -Dstderr.encoding=windows-1252 -XX:+ShowCodeDetailsInExceptionMessages SetExample

Host: 11th Gen Intel(R) Core(TM) i5-1135G7 @ 2.40GHz, 8 cores, 7G,  Windows 10 , 64 bit Build 19041 (10.0.19041.3636)
Time: Fri Apr 26 13:54:28 2024 India Standard Time elapsed time: 0.014576 seconds (0d 0h 0m 0s)

---------------  T H R E A D  ---------------

Current thread (0x0000022821db1bf0):  JavaThread "Unknown thread" [_thread_in_vm, id=3980, stack(0x00000039d3600000,0x00000039d3700000)]

Stack: [0x00000039d3600000,0x00000039d3700000]
Native frames: (J=compiled Java code, j=interpreted, Vv=VM code, C=native code)
V  [jvm.dll+0x67cf49]
V  [jvm.dll+0x83478a]
V  [jvm.dll+0x83624e]
V  [jvm.dll+0x8368b3]
V  [jvm.dll+0x247f1f]
V  [jvm.dll+0x679d69]
V  [jvm.dll+0x66e6ba]
V  [jvm.dll+0x307e5b]
V  [jvm.dll+0x30f306]
V  [jvm.dll+0x35f0ce]
V  [jvm.dll+0x35f2ff]
V  [jvm.dll+0x2dea58]
V  [jvm.dll+0x2df9c4]
V  [jvm.dll+0x806031]
V  [jvm.dll+0x36cf31]
V  [jvm.dll+0x7e4aac]
V  [jvm.dll+0x3f07af]
V  [jvm.dll+0x3f23e1]
C  [jli.dll+0x528f]
C  [ucrtbase.dll+0x21bb2]
C  [KERNEL32.DLL+0x17344]
C  [ntdll.dll+0x526b1]


---------------  P R O C E S S  ---------------

Threads class SMR info:
_java_thread_list=0x00007ffa4f49ee98, length=0, elements={
}

Java Threads: ( => current thread )

Other Threads:
  0x0000022821dcec70 GCTaskThread "GC Thread#0" [stack: 0x00000039d3700000,0x00000039d3800000] [id=25348]
  0x000002283475d100 ConcurrentGCThread "G1 Main Marker" [stack: 0x00000039d3800000,0x00000039d3900000] [id=22136]
  0x000002283475d8d0 ConcurrentGCThread "G1 Conc#0" [stack: 0x00000039d3900000,0x00000039d3a00000] [id=24388]

[error occurred during error reporting (printing all threads), id 0xc0000005, EXCEPTION_ACCESS_VIOLATION (0xc0000005) at pc=0x00007ffa4ec5f497]

VM state: not at safepoint (not fully initialized)

VM Mutex/Monitor currently owned by a thread:  ([mutex/lock_event])
[0x0000022821dae640] Heap_lock - owner thread: 0x0000022821db1bf0

Heap address: 0x0000000084000000, size: 1984 MB, Compressed Oops mode: 32-bit

CDS archive(s) mapped at: [0x0000000000000000-0x0000000000000000-0x0000000000000000), size 0, SharedBaseAddress: 0x0000000800000000, ArchiveRelocationMode: 1.
Narrow klass base: 0x0000000000000000, Narrow klass shift: 0, Narrow klass range: 0x0

GC Precious Log:
<Empty>

Heap:
 garbage-first heap   total 0K, used 0K [0x0000000084000000, 0x0000000100000000)
  region size 1024K, 0 young (0K), 0 survivors (0K)

[error occurred during error reporting (printing heap information), id 0xc0000005, EXCEPTION_ACCESS_VIOLATION (0xc0000005) at pc=0x00007ffa4f046c79]

GC Heap History (0 events):
No events

Dll operation events (1 events):
Event: 0.010 Loaded shared library C:\Users\vijayans\.p2\pool\plugins\org.eclipse.justj.openjdk.hotspot.jre.full.win32.x86_64_17.0.9.v20231028-0858\jre\bin\java.dll

Deoptimization events (0 events):
No events

Classes unloaded (0 events):
No events

Classes redefined (0 events):
No events

Internal exceptions (0 events):
No events

VM Operations (0 events):
No events

Events (0 events):
No events


Dynamic libraries:
0x00007ff7b8010000 - 0x00007ff7b801e000 	C:\Users\vijayans\.p2\pool\plugins\org.eclipse.justj.openjdk.hotspot.jre.full.win32.x86_64_17.0.9.v20231028-0858\jre\bin\javaw.exe
0x00007ffaa9750000 - 0x00007ffaa9948000 	C:\Windows\SYSTEM32\ntdll.dll
0x00007ffaa8920000 - 0x00007ffaa89dd000 	C:\Windows\System32\KERNEL32.DLL
0x00007ffaa7210000 - 0x00007ffaa7506000 	C:\Windows\System32\KERNELBASE.dll
0x00007ffaa80f0000 - 0x00007ffaa81a0000 	C:\Windows\System32\ADVAPI32.DLL
0x00007ffaa9670000 - 0x00007ffaa970e000 	C:\Windows\System32\msvcrt.dll
0x00007ffaa7c80000 - 0x00007ffaa7d20000 	C:\Windows\System32\sechost.dll
0x00007ffaa7ac0000 - 0x00007ffaa7be3000 	C:\Windows\System32\RPCRT4.dll
0x00007ffaa7510000 - 0x00007ffaa7537000 	C:\Windows\System32\bcrypt.dll
0x00007ffaa6e30000 - 0x00007ffaa6f30000 	C:\Windows\System32\ucrtbase.dll
0x00007ffaa1390000 - 0x00007ffaa13a7000 	C:\Users\vijayans\.p2\pool\plugins\org.eclipse.justj.openjdk.hotspot.jre.full.win32.x86_64_17.0.9.v20231028-0858\jre\bin\jli.dll
0x00007ffaa8780000 - 0x00007ffaa891f000 	C:\Windows\System32\USER32.dll
0x00007ffaa6e00000 - 0x00007ffaa6e22000 	C:\Windows\System32\win32u.dll
0x00007ffaa8680000 - 0x00007ffaa86ab000 	C:\Windows\System32\GDI32.dll
0x00007ffaa75b0000 - 0x00007ffaa76c7000 	C:\Windows\System32\gdi32full.dll
0x00007ffaa7120000 - 0x00007ffaa71bd000 	C:\Windows\System32\msvcp_win.dll
0x00007ffa9c410000 - 0x00007ffa9c42b000 	C:\Users\vijayans\.p2\pool\plugins\org.eclipse.justj.openjdk.hotspot.jre.full.win32.x86_64_17.0.9.v20231028-0858\jre\bin\VCRUNTIME140.dll
0x00007ffa95e40000 - 0x00007ffa960da000 	C:\Windows\WinSxS\amd64_microsoft.windows.common-controls_6595b64144ccf1df_6.0.19041.3636_none_60b6a03d71f818d5\COMCTL32.dll
0x00007ffaa8d10000 - 0x00007ffaa8d42000 	C:\Windows\System32\IMM32.DLL
0x00007ffa62e50000 - 0x00007ffa634c3000 	C:\Program Files\McAfee\DLP\Agent\fcagpph64.dll
0x00007ffaa8d50000 - 0x00007ffaa94bb000 	C:\Windows\System32\SHELL32.dll
0x00007ffaa7990000 - 0x00007ffaa7abb000 	C:\Windows\System32\ole32.dll
0x00007ffaa7d20000 - 0x00007ffaa8073000 	C:\Windows\System32\combase.dll
0x00007ffaa8620000 - 0x00007ffaa8675000 	C:\Windows\System32\SHLWAPI.dll
0x00007ffaa8080000 - 0x00007ffaa80eb000 	C:\Windows\System32\WS2_32.dll
0x00007ffaa86b0000 - 0x00007ffaa877d000 	C:\Windows\System32\OLEAUT32.dll
0x00007ffaa5a70000 - 0x00007ffaa5a84000 	C:\Windows\SYSTEM32\WTSAPI32.dll
0x00007ffa6b7a0000 - 0x00007ffa6b845000 	C:\Windows\SYSTEM32\WINSPOOL.DRV
0x00007ffaa8c00000 - 0x00007ffaa8cad000 	C:\Windows\System32\shcore.dll
0x00007ffaa5a60000 - 0x00007ffaa5a6a000 	C:\Windows\SYSTEM32\VERSION.dll
0x00007ffaa5f60000 - 0x00007ffaa5f93000 	C:\Windows\SYSTEM32\ntmarta.dll
0x00007ffa60fa0000 - 0x00007ffa61450000 	C:\Program Files\McAfee\DLP\Agent\fcagafa64.dll
0x00007ffaa1380000 - 0x00007ffaa138c000 	C:\Users\vijayans\.p2\pool\plugins\org.eclipse.justj.openjdk.hotspot.jre.full.win32.x86_64_17.0.9.v20231028-0858\jre\bin\vcruntime140_1.dll
0x00007ffa9bd10000 - 0x00007ffa9bd9d000 	C:\Users\vijayans\.p2\pool\plugins\org.eclipse.justj.openjdk.hotspot.jre.full.win32.x86_64_17.0.9.v20231028-0858\jre\bin\msvcp140.dll
0x00007ffa4e970000 - 0x00007ffa4f5d1000 	C:\Users\vijayans\.p2\pool\plugins\org.eclipse.justj.openjdk.hotspot.jre.full.win32.x86_64_17.0.9.v20231028-0858\jre\bin\server\jvm.dll
0x00007ffaa6340000 - 0x00007ffaa638b000 	C:\Windows\SYSTEM32\POWRPROF.dll
0x00007ffa87c10000 - 0x00007ffa87c19000 	C:\Windows\SYSTEM32\WSOCK32.dll
0x00007ffa986b0000 - 0x00007ffa986d7000 	C:\Windows\SYSTEM32\WINMM.dll
0x00007ffaa6200000 - 0x00007ffaa6212000 	C:\Windows\SYSTEM32\UMPDC.dll
0x00007ffaa5a10000 - 0x00007ffaa5a22000 	C:\Windows\SYSTEM32\kernel.appcore.dll
0x00007ffaa15e0000 - 0x00007ffaa15ea000 	C:\Users\vijayans\.p2\pool\plugins\org.eclipse.justj.openjdk.hotspot.jre.full.win32.x86_64_17.0.9.v20231028-0858\jre\bin\jimage.dll
0x00007ffaa46e0000 - 0x00007ffaa48c4000 	C:\Windows\SYSTEM32\DBGHELP.DLL
0x00007ffa75820000 - 0x00007ffa75854000 	C:\Windows\SYSTEM32\dbgcore.DLL
0x00007ffaa7090000 - 0x00007ffaa7112000 	C:\Windows\System32\bcryptPrimitives.dll
0x00007ffa9ddf0000 - 0x00007ffa9de15000 	C:\Users\vijayans\.p2\pool\plugins\org.eclipse.justj.openjdk.hotspot.jre.full.win32.x86_64_17.0.9.v20231028-0858\jre\bin\java.dll

dbghelp: loaded successfully - version: 4.0.5 - missing functions: none
symbol engine: initialized successfully - sym options: 0x614 - pdb path: .;C:\Users\vijayans\.p2\pool\plugins\org.eclipse.justj.openjdk.hotspot.jre.full.win32.x86_64_17.0.9.v20231028-0858\jre\bin;C:\Windows\SYSTEM32;C:\Windows\WinSxS\amd64_microsoft.windows.common-controls_6595b64144ccf1df_6.0.19041.3636_none_60b6a03d71f818d5;C:\Program Files\McAfee\DLP\Agent;C:\Users\vijayans\.p2\pool\plugins\org.eclipse.justj.openjdk.hotspot.jre.full.win32.x86_64_17.0.9.v20231028-0858\jre\bin\server

VM Arguments:
jvm_args: -Dfile.encoding=windows-1252 -Dstdout.encoding=windows-1252 -Dstderr.encoding=windows-1252 -XX:+ShowCodeDetailsInExceptionMessages 
java_command: SetExample
java_class_path (initial): C:\Users\vijayans\eclipse-workspace\Report\target\classes;C:\Users\vijayans\.m2\repository\commons-io\commons-io\2.11.0\commons-io-2.11.0.jar;C:\Users\vijayans\.m2\repository\org\seleniumhq\selenium\selenium-java\4.16.1\selenium-java-4.16.1.jar;C:\Users\vijayans\.m2\repository\org\seleniumhq\selenium\selenium-api\4.16.1\selenium-api-4.16.1.jar;C:\Users\vijayans\.m2\repository\org\seleniumhq\selenium\selenium-chrome-driver\4.16.1\selenium-chrome-driver-4.16.1.jar;C:\Users\vijayans\.m2\repository\com\google\auto\service\auto-service-annotations\1.1.1\auto-service-annotations-1.1.1.jar;C:\Users\vijayans\.m2\repository\org\seleniumhq\selenium\selenium-chromium-driver\4.16.1\selenium-chromium-driver-4.16.1.jar;C:\Users\vijayans\.m2\repository\org\seleniumhq\selenium\selenium-json\4.16.1\selenium-json-4.16.1.jar;C:\Users\vijayans\.m2\repository\org\seleniumhq\selenium\selenium-manager\4.16.1\selenium-manager-4.16.1.jar;C:\Users\vijayans\.m2\repository\org\seleniumhq\selenium\selenium-devtools-v118\4.16.1\selenium-devtools-v118-4.16.1.jar;C:\Users\vijayans\.m2\repository\org\seleniumhq\selenium\selenium-devtools-v119\4.16.1\selenium-devtools-v119-4.16.1.jar;C:\Users\vijayans\.m2\repository\org\seleniumhq\selenium\selenium-devtools-v120\4.16.1\selenium-devtools-v120-4.16.1.jar;C:\Users\vijayans\.m2\repository\org\seleniumhq\selenium\selenium-devtools-v85\4.16.1\selenium-devtools-v85-4.16.1.jar;C:\Users\vijayans\.m2\repository\org\seleniumhq\selenium\selenium-edge-driver\4.16.1\selenium-edge-driver-4.16.1.jar;C:\Users\vijayans\.m2\repository\org\seleniumhq\selenium\selenium-firefox-driver\4.16.1\selenium-firefox-driver-4.16.1.jar;C:\Users\vijayans\.m2\repository\org\seleniumhq\selenium\selenium-http\4.16.1\selenium-http-4.16.1.jar;C:\Users\vijayans\.m2\repository\dev\failsafe\failsafe\3.3.2\failsafe-3.3.2.jar;C:\Users\vijayans\.m2\repository\org\seleniumhq\selenium\selenium-ie-driver\4.16.1\selenium-ie-driver-4.16.1.jar;C:\Users\vijayans\.m2\repo
Launcher Type: SUN_STANDARD

[Global flags]
     intx CICompilerCount                          = 4                                         {product} {ergonomic}
     uint ConcGCThreads                            = 2                                         {product} {ergonomic}
     uint G1ConcRefinementThreads                  = 8                                         {product} {ergonomic}
   size_t G1HeapRegionSize                         = 1048576                                   {product} {ergonomic}
    uintx GCDrainStackTargetSize                   = 64                                        {product} {ergonomic}
   size_t InitialHeapSize                          = 130023424                                 {product} {ergonomic}
   size_t MarkStackSize                            = 4194304                                   {product} {ergonomic}
   size_t MaxHeapSize                              = 2080374784                                {product} {ergonomic}
   size_t MinHeapDeltaBytes                        = 1048576                                   {product} {ergonomic}
   size_t MinHeapSize                              = 8388608                                   {product} {ergonomic}
    uintx NonNMethodCodeHeapSize                   = 5839372                                {pd product} {ergonomic}
    uintx NonProfiledCodeHeapSize                  = 122909434                              {pd product} {ergonomic}
    uintx ProfiledCodeHeapSize                     = 122909434                              {pd product} {ergonomic}
    uintx ReservedCodeCacheSize                    = 251658240                              {pd product} {ergonomic}
     bool SegmentedCodeCache                       = true                                      {product} {ergonomic}
     bool ShowCodeDetailsInExceptionMessages       = true                                   {manageable} {command line}
   size_t SoftMaxHeapSize                          = 2080374784                             {manageable} {ergonomic}
     bool UseCompressedClassPointers               = true                           {product lp64_product} {ergonomic}
     bool UseCompressedOops                        = true                           {product lp64_product} {ergonomic}
     bool UseG1GC                                  = true                                      {product} {ergonomic}
     bool UseLargePagesIndividualAllocation        = false                                  {pd product} {ergonomic}

Logging:
Log output configuration:
 #0: stdout all=warning uptime,level,tags
 #1: stderr all=off uptime,level,tags

Environment Variables:
PATH=C:/Users/vijayans/.p2/pool/plugins/org.eclipse.justj.openjdk.hotspot.jre.full.win32.x86_64_17.0.9.v20231028-0858/jre/bin/server;C:/Users/vijayans/.p2/pool/plugins/org.eclipse.justj.openjdk.hotspot.jre.full.win32.x86_64_17.0.9.v20231028-0858/jre/bin;C:\Program Files (x86)\Common Files\Oracle\Java\javapath;C:\Windows\system32;C:\Windows;C:\Windows\System32\Wbem;C:\Windows\System32\WindowsPowerShell\v1.0\;C:\Windows\System32\OpenSSH\;C:\Program Files\dotnet\;C:\Program Files\Microsoft SQL Server\150\Tools\Binn\;C:\Program Files\Microsoft SQL Server\Client SDK\ODBC\170\Tools\Binn\;C:\Users\vijayans\AppData\Local\Microsoft\WindowsApps;;C:\Users\vijayans\AppData\Local\JetBrains\IntelliJ IDEA Community Edition 2023.2.5\bin;;C:\Users\vijayans\AppData\Local\Programs\Microsoft VS Code\bin;C:\Windows\system32;
USERNAME=vijayans
OS=Windows_NT
PROCESSOR_IDENTIFIER=Intel64 Family 6 Model 140 Stepping 1, GenuineIntel
TMP=C:\Users\vijayans\AppData\Local\Temp
TEMP=C:\Users\vijayans\AppData\Local\Temp



Periodic native trim disabled


---------------  S Y S T E M  ---------------

OS:
 Windows 10 , 64 bit Build 19041 (10.0.19041.3636)
OS uptime: 0 days 3:25 hours

CPU: total 8 (initial active 8) (4 cores per cpu, 2 threads per core) family 6 model 140 stepping 1 microcode 0xa4, cx8, cmov, fxsr, ht, mmx, 3dnowpref, sse, sse2, sse3, ssse3, sse4.1, sse4.2, popcnt, lzcnt, tsc, tscinvbit, avx, avx2, aes, erms, clmul, bmi1, bmi2, adx, avx512f, avx512dq, avx512cd, avx512bw, avx512vl, sha, fma, vzeroupper, avx512_vpopcntdq, avx512_vpclmulqdq, avx512_vaes, avx512_vnni, clflush, clflushopt, clwb, avx512_vbmi2, avx512_vbmi
Processor Information for processor 0
  Max Mhz: 1382, Current Mhz: 1382, Mhz Limit: 1382
Processor Information for processor 1
  Max Mhz: 1382, Current Mhz: 1382, Mhz Limit: 1382
Processor Information for processor 2
  Max Mhz: 1382, Current Mhz: 1382, Mhz Limit: 1382
Processor Information for processor 3
  Max Mhz: 1382, Current Mhz: 1382, Mhz Limit: 1382
Processor Information for processor 4
  Max Mhz: 1382, Current Mhz: 1382, Mhz Limit: 1382
Processor Information for processor 5
  Max Mhz: 1382, Current Mhz: 987, Mhz Limit: 1382
Processor Information for processor 6
  Max Mhz: 1382, Current Mhz: 1382, Mhz Limit: 1382
Processor Information for processor 7
  Max Mhz: 1382, Current Mhz: 1382, Mhz Limit: 1382

Memory: 4k page, system-wide physical 7934M (1129M free)
TotalPageFile size 14941M (AvailPageFile size 43M)
current process WorkingSet (physical memory assigned to process): 16M, peak: 16M
current process commit charge ("private bytes"): 68M, peak: 192M

vm_info: OpenJDK 64-Bit Server VM (17.0.9+9) for windows-amd64 JRE (17.0.9+9), built on Oct 26 2023 14:01:42 by "admin" with MS VC++ 16.10 / 16.11 (VS2019)

END.
